<?xml version="1.0" encoding="UTF-8"?>
<!-- Generated by org.testng.reporters.JUnitReportReporter -->
<testsuite hostname="pdakkipu" name="com.training.sanity.tests.week2" tests="5" failures="0" timestamp="20 Jun 2019 10:55:26 GMT" time="264.831" errors="0">
  <testcase name="attach_certificate" time="38.266" classname="com.training.sanity.tests.week2"/>
  <testcase name="login_as_teacher" time="12.474" classname="com.training.sanity.tests.week2"/>
  <testcase name="create_course" time="104.312" classname="com.training.sanity.tests.week2"/>
  <testcase name="change_settings" time="16.683" classname="com.training.sanity.tests.week2"/>
  <testcase name="create_Test" time="93.096" classname="com.training.sanity.tests.week2"/>
</testsuite> <!-- com.training.sanity.tests.week2 -->
