<?xml version="1.0" encoding="UTF-8"?>
<!-- Generated by org.testng.reporters.JUnitReportReporter -->
<testsuite hostname="pdakkipu" name="com.training.sanity.tests.week1" tests="3" failures="0" timestamp="19 Jun 2019 07:56:01 GMT" time="77.485" errors="0">
  <testcase name="validLoginTest" time="7.552" classname="com.training.sanity.tests.week1"/>
  <testcase name="change_pwd" time="16.953" classname="com.training.sanity.tests.week1"/>
  <testcase name="registration" time="52.980" classname="com.training.sanity.tests.week1"/>
</testsuite> <!-- com.training.sanity.tests.week1 -->
