<?xml version="1.0" encoding="UTF-8"?>
<!-- Generated by org.testng.reporters.JUnitReportReporter -->
<testsuite hostname="pdakkipu" name="com.training.sanity.tests.week1" tests="3" failures="0" timestamp="19 Jun 2019 05:01:42 GMT" time="30.395" errors="0">
  <testcase name="validLoginTest" time="6.820" classname="com.training.sanity.tests.week1"/>
  <testcase name="change_pwd" time="15.192" classname="com.training.sanity.tests.week1"/>
  <testcase name="registration" time="8.383" classname="com.training.sanity.tests.week1"/>
</testsuite> <!-- com.training.sanity.tests.week1 -->
